<?xml version="1.0" encoding="UTF-8"?>
<!-- Generated by org.testng.reporters.JUnitReportReporter -->
<testsuite skipped="0" hostname="PUNITP214273L" name="test.java.tests.EligibleAmountTest" tests="1" failures="0" timestamp="20 Jun 2019 01:15:29 GMT" time="18.880" errors="0">
  <testcase name="EligibleAndRepaymentAmountTest" time="18.880" classname="test.java.tests.EligibleAmountTest"/>
</testsuite> <!-- test.java.tests.EligibleAmountTest -->
